2016-08-29 20:32:20.137  INFO 8344 --- [main] com.jzli.Application                     : Starting Application on lijinzhao-PC with PID 8344 (F:\mySpace\SpringBoot_Swagger2\build\classes\main started by li.jinzhao in F:\mySpace\SpringBoot_Swagger2)
2016-08-29 20:32:20.141  INFO 8344 --- [main] com.jzli.Application                     : No active profile set, falling back to default profiles: default
2016-08-29 20:32:20.430  INFO 8344 --- [main] ationConfigEmbeddedWebApplicationContext : Refreshing org.springframework.boot.context.embedded.AnnotationConfigEmbeddedWebApplicationContext@79ad8b2f: startup date [Mon Aug 29 20:32:20 CST 2016]; root of context hierarchy
2016-08-29 20:32:23.952  INFO 8344 --- [main] s.b.c.e.t.TomcatEmbeddedServletContainer : Tomcat initialized with port(s): 9999 (http)
2016-08-29 20:32:23.980  INFO 8344 --- [main] o.apache.catalina.core.StandardService   : Starting service Tomcat
2016-08-29 20:32:23.983  INFO 8344 --- [main] org.apache.catalina.core.StandardEngine  : Starting Servlet Engine: Apache Tomcat/8.0.33
2016-08-29 20:32:24.173  INFO 8344 --- [localhost-startStop-1] o.a.c.c.C.[Tomcat].[localhost].[/jzli]   : Initializing Spring embedded WebApplicationContext
2016-08-29 20:32:24.174  INFO 8344 --- [localhost-startStop-1] o.s.web.context.ContextLoader            : Root WebApplicationContext: initialization completed in 3754 ms
2016-08-29 20:32:24.620  INFO 8344 --- [localhost-startStop-1] o.s.b.c.e.ServletRegistrationBean        : Mapping servlet: 'dispatcherServlet' to [/]
2016-08-29 20:32:24.628  INFO 8344 --- [localhost-startStop-1] o.s.b.c.embedded.FilterRegistrationBean  : Mapping filter: 'characterEncodingFilter' to: [/*]
2016-08-29 20:32:24.629  INFO 8344 --- [localhost-startStop-1] o.s.b.c.embedded.FilterRegistrationBean  : Mapping filter: 'hiddenHttpMethodFilter' to: [/*]
2016-08-29 20:32:24.629  INFO 8344 --- [localhost-startStop-1] o.s.b.c.embedded.FilterRegistrationBean  : Mapping filter: 'httpPutFormContentFilter' to: [/*]
2016-08-29 20:32:24.630  INFO 8344 --- [localhost-startStop-1] o.s.b.c.embedded.FilterRegistrationBean  : Mapping filter: 'requestContextFilter' to: [/*]
2016-08-29 20:32:25.484  INFO 8344 --- [main] s.w.s.m.m.a.RequestMappingHandlerMapping : Mapped "{[/user/{name}],methods=[GET]}" onto public com.jzli.bean.User com.jzli.controller.UserController.getUser(java.lang.String)
2016-08-29 20:32:25.486  INFO 8344 --- [main] s.w.s.m.m.a.RequestMappingHandlerMapping : Mapped "{[/v2/api-docs],methods=[GET]}" onto public org.springframework.http.ResponseEntity<springfox.documentation.spring.web.json.Json> springfox.documentation.swagger2.web.Swagger2Controller.getDocumentation(java.lang.String)
2016-08-29 20:32:25.490  INFO 8344 --- [main] s.w.s.m.m.a.RequestMappingHandlerMapping : Mapped "{[/configuration/security]}" onto org.springframework.http.ResponseEntity<springfox.documentation.swagger.web.SecurityConfiguration> springfox.documentation.swagger.web.ApiResourceController.securityConfiguration()
2016-08-29 20:32:25.491  INFO 8344 --- [main] s.w.s.m.m.a.RequestMappingHandlerMapping : Mapped "{[/configuration/ui]}" onto org.springframework.http.ResponseEntity<springfox.documentation.swagger.web.UiConfiguration> springfox.documentation.swagger.web.ApiResourceController.uiConfiguration()
2016-08-29 20:32:25.491  INFO 8344 --- [main] s.w.s.m.m.a.RequestMappingHandlerMapping : Mapped "{[/swagger-resources]}" onto org.springframework.http.ResponseEntity<java.util.List<springfox.documentation.swagger.web.SwaggerResource>> springfox.documentation.swagger.web.ApiResourceController.swaggerResources()
2016-08-29 20:32:25.495  INFO 8344 --- [main] s.w.s.m.m.a.RequestMappingHandlerMapping : Mapped "{[/error]}" onto public org.springframework.http.ResponseEntity<java.util.Map<java.lang.String, java.lang.Object>> org.springframework.boot.autoconfigure.web.BasicErrorController.error(javax.servlet.http.HttpServletRequest)
2016-08-29 20:32:25.496  INFO 8344 --- [main] s.w.s.m.m.a.RequestMappingHandlerMapping : Mapped "{[/error],produces=[text/html]}" onto public org.springframework.web.servlet.ModelAndView org.springframework.boot.autoconfigure.web.BasicErrorController.errorHtml(javax.servlet.http.HttpServletRequest,javax.servlet.http.HttpServletResponse)
2016-08-29 20:32:25.830  INFO 8344 --- [main] s.w.s.m.m.a.RequestMappingHandlerAdapter : Looking for @ControllerAdvice: org.springframework.boot.context.embedded.AnnotationConfigEmbeddedWebApplicationContext@79ad8b2f: startup date [Mon Aug 29 20:32:20 CST 2016]; root of context hierarchy
2016-08-29 20:32:25.899  INFO 8344 --- [main] o.s.w.s.handler.SimpleUrlHandlerMapping  : Mapped URL path [/webjars/**] onto handler of type [class org.springframework.web.servlet.resource.ResourceHttpRequestHandler]
2016-08-29 20:32:25.899  INFO 8344 --- [main] o.s.w.s.handler.SimpleUrlHandlerMapping  : Mapped URL path [/**] onto handler of type [class org.springframework.web.servlet.resource.ResourceHttpRequestHandler]
2016-08-29 20:32:25.942  INFO 8344 --- [main] o.s.w.s.handler.SimpleUrlHandlerMapping  : Mapped URL path [/**/favicon.ico] onto handler of type [class org.springframework.web.servlet.resource.ResourceHttpRequestHandler]
2016-08-29 20:32:26.135  INFO 8344 --- [main] o.s.j.e.a.AnnotationMBeanExporter        : Registering beans for JMX exposure on startup
2016-08-29 20:32:26.152  INFO 8344 --- [main] d.s.w.p.DocumentationPluginsBootstrapper : Context refreshed
2016-08-29 20:32:26.184  INFO 8344 --- [main] d.s.w.p.DocumentationPluginsBootstrapper : Found {0} custom documentation plugin(s)
2016-08-29 20:32:26.196  INFO 8344 --- [main] s.d.s.w.s.ApiListingReferenceScanner     : Scanning for api listing references
2016-08-29 20:32:26.200  INFO 8344 --- [main] s.w.ClassOrApiAnnotationResourceGrouping : Group for method error was basic-error-controller
2016-08-29 20:32:26.203  INFO 8344 --- [main] s.d.s.w.s.ApiListingReferenceScanner     : Request mapping: error belongs to groups: [[ResourceGroup{groupName='basic-error-controller', position=0, controller=org.springframework.boot.autoconfigure.web.BasicErrorController}]] 
2016-08-29 20:32:26.204  INFO 8344 --- [main] s.w.ClassOrApiAnnotationResourceGrouping : Group for method errorHtml was basic-error-controller
2016-08-29 20:32:26.205  INFO 8344 --- [main] s.d.s.w.s.ApiListingReferenceScanner     : Request mapping: errorHtml belongs to groups: [[ResourceGroup{groupName='basic-error-controller', position=0, controller=org.springframework.boot.autoconfigure.web.BasicErrorController}]] 
2016-08-29 20:32:26.209  INFO 8344 --- [main] s.w.ClassOrApiAnnotationResourceGrouping : Group for method getUser was 用户接口
2016-08-29 20:32:26.209  INFO 8344 --- [main] s.d.s.w.s.ApiListingReferenceScanner     : Request mapping: getUser belongs to groups: [[ResourceGroup{groupName='用户接口', position=0, controller=com.jzli.controller.UserController}]] 
2016-08-29 20:32:26.216  INFO 8344 --- [main] s.d.s.w.s.ApiListingReferenceScanner     : Created resource listing Path: /default/basic-error-controller Description: basic-error-controller Position: 0
2016-08-29 20:32:26.218  INFO 8344 --- [main] s.d.s.w.s.ApiListingReferenceScanner     : Created resource listing Path: /default/用户接口 Description: 用户接口 Position: 0
2016-08-29 20:32:26.246  INFO 8344 --- [main] s.d.schema.ModelContextKeyGenerator      : Cache Key Generated: java.util.Map<java.lang.String,java.lang.Object>(true)
2016-08-29 20:32:26.247  INFO 8344 --- [main] s.d.spring.web.caching.CachingAspect     : Caching aspect applied for cache models with key java.util.Map<java.lang.String,java.lang.Object>(true)
2016-08-29 20:32:26.251  INFO 8344 --- [main] s.d.schema.ModelContextKeyGenerator      : Cache Key Generated: java.util.Map<java.lang.String,java.lang.Object>(true)
2016-08-29 20:32:26.252  INFO 8344 --- [main] s.d.spring.web.caching.CachingAspect     : Caching aspect applied for cache modelDependencies with key java.util.Map<java.lang.String,java.lang.Object>(true)
2016-08-29 20:32:26.262  INFO 8344 --- [main] s.d.spring.web.OperationsKeyGenerator    : Cache key generated: /error.org.springframework.boot.autoconfigure.web.BasicErrorController.error.DefaultGenericTypeNamingStrategy
2016-08-29 20:32:26.262  INFO 8344 --- [main] s.d.spring.web.caching.CachingAspect     : Caching aspect applied for cache operations with key /error.org.springframework.boot.autoconfigure.web.BasicErrorController.error.DefaultGenericTypeNamingStrategy
2016-08-29 20:32:26.281  INFO 8344 --- [main] s.w.ClassOrApiAnnotationResourceGrouping : Group for method error was basic-error-controller
2016-08-29 20:32:26.287  INFO 8344 --- [main] s.w.ClassOrApiAnnotationResourceGrouping : Group for method error was basic-error-controller
2016-08-29 20:32:26.291  INFO 8344 --- [main] s.w.ClassOrApiAnnotationResourceGrouping : Group for method error was basic-error-controller
2016-08-29 20:32:26.293  INFO 8344 --- [main] s.w.ClassOrApiAnnotationResourceGrouping : Group for method error was basic-error-controller
2016-08-29 20:32:26.295  INFO 8344 --- [main] s.w.ClassOrApiAnnotationResourceGrouping : Group for method error was basic-error-controller
2016-08-29 20:32:26.297  INFO 8344 --- [main] s.w.ClassOrApiAnnotationResourceGrouping : Group for method error was basic-error-controller
2016-08-29 20:32:26.299  INFO 8344 --- [main] s.w.ClassOrApiAnnotationResourceGrouping : Group for method error was basic-error-controller
2016-08-29 20:32:26.301  INFO 8344 --- [main] s.w.ClassOrApiAnnotationResourceGrouping : Group for method error was basic-error-controller
2016-08-29 20:32:26.303  INFO 8344 --- [main] s.w.ClassOrApiAnnotationResourceGrouping : Group for method error was basic-error-controller
2016-08-29 20:32:26.305  INFO 8344 --- [main] s.w.ClassOrApiAnnotationResourceGrouping : Group for method error was basic-error-controller
2016-08-29 20:32:26.307  INFO 8344 --- [main] s.w.ClassOrApiAnnotationResourceGrouping : Group for method error was basic-error-controller
2016-08-29 20:32:26.308  INFO 8344 --- [main] s.w.ClassOrApiAnnotationResourceGrouping : Group for method error was basic-error-controller
2016-08-29 20:32:26.310  INFO 8344 --- [main] s.w.ClassOrApiAnnotationResourceGrouping : Group for method error was basic-error-controller
2016-08-29 20:32:26.312  INFO 8344 --- [main] s.w.ClassOrApiAnnotationResourceGrouping : Group for method error was basic-error-controller
2016-08-29 20:32:26.314  INFO 8344 --- [main] s.w.ClassOrApiAnnotationResourceGrouping : Group for method error was basic-error-controller
2016-08-29 20:32:26.316  INFO 8344 --- [main] s.w.ClassOrApiAnnotationResourceGrouping : Group for method error was basic-error-controller
2016-08-29 20:32:26.323  INFO 8344 --- [main] s.d.schema.ModelContextKeyGenerator      : Cache Key Generated: org.springframework.web.servlet.ModelAndView(true)
2016-08-29 20:32:26.323  INFO 8344 --- [main] s.d.spring.web.caching.CachingAspect     : Caching aspect applied for cache models with key org.springframework.web.servlet.ModelAndView(true)
2016-08-29 20:32:26.325  INFO 8344 --- [main] s.d.s.p.ModelPropertiesKeyGenerator      : Cache key generated: org.springframework.web.servlet.ModelAndView(true)
2016-08-29 20:32:26.326  INFO 8344 --- [main] s.d.spring.web.caching.CachingAspect     : Caching aspect applied for cache modelProperties with key org.springframework.web.servlet.ModelAndView(true)
2016-08-29 20:32:26.365  INFO 8344 --- [main] s.d.schema.ModelContextKeyGenerator      : Cache Key Generated: org.springframework.web.servlet.ModelAndView(true)
2016-08-29 20:32:26.365  INFO 8344 --- [main] s.d.spring.web.caching.CachingAspect     : Caching aspect applied for cache modelDependencies with key org.springframework.web.servlet.ModelAndView(true)
2016-08-29 20:32:26.366  INFO 8344 --- [main] s.d.s.p.ModelPropertiesKeyGenerator      : Cache key generated: org.springframework.web.servlet.ModelAndView(true)
2016-08-29 20:32:26.367  INFO 8344 --- [main] s.d.spring.web.caching.CachingAspect     : Caching aspect applied for cache modelProperties with key org.springframework.web.servlet.ModelAndView(true)
2016-08-29 20:32:26.368  INFO 8344 --- [main] s.d.s.p.ModelPropertiesKeyGenerator      : Cache key generated: org.springframework.web.servlet.View(true)
2016-08-29 20:32:26.368  INFO 8344 --- [main] s.d.spring.web.caching.CachingAspect     : Caching aspect applied for cache modelProperties with key org.springframework.web.servlet.View(true)
2016-08-29 20:32:26.371  INFO 8344 --- [main] s.d.s.p.ModelPropertiesKeyGenerator      : Cache key generated: org.springframework.web.servlet.View(true)
2016-08-29 20:32:26.371  INFO 8344 --- [main] s.d.spring.web.caching.CachingAspect     : Caching aspect applied for cache modelProperties with key org.springframework.web.servlet.View(true)
2016-08-29 20:32:26.372  INFO 8344 --- [main] s.d.spring.web.OperationsKeyGenerator    : Cache key generated: /error.org.springframework.boot.autoconfigure.web.BasicErrorController.errorHtml.DefaultGenericTypeNamingStrategy
2016-08-29 20:32:26.372  INFO 8344 --- [main] s.d.spring.web.caching.CachingAspect     : Caching aspect applied for cache operations with key /error.org.springframework.boot.autoconfigure.web.BasicErrorController.errorHtml.DefaultGenericTypeNamingStrategy
2016-08-29 20:32:26.373  INFO 8344 --- [main] s.w.ClassOrApiAnnotationResourceGrouping : Group for method errorHtml was basic-error-controller
2016-08-29 20:32:26.375  INFO 8344 --- [main] s.w.ClassOrApiAnnotationResourceGrouping : Group for method errorHtml was basic-error-controller
2016-08-29 20:32:26.376  INFO 8344 --- [main] s.w.ClassOrApiAnnotationResourceGrouping : Group for method errorHtml was basic-error-controller
2016-08-29 20:32:26.377  INFO 8344 --- [main] s.w.ClassOrApiAnnotationResourceGrouping : Group for method errorHtml was basic-error-controller
2016-08-29 20:32:26.379  INFO 8344 --- [main] s.w.ClassOrApiAnnotationResourceGrouping : Group for method errorHtml was basic-error-controller
2016-08-29 20:32:26.381  INFO 8344 --- [main] s.w.ClassOrApiAnnotationResourceGrouping : Group for method errorHtml was basic-error-controller
2016-08-29 20:32:26.383  INFO 8344 --- [main] s.w.ClassOrApiAnnotationResourceGrouping : Group for method errorHtml was basic-error-controller
2016-08-29 20:32:26.384  INFO 8344 --- [main] s.w.ClassOrApiAnnotationResourceGrouping : Group for method errorHtml was basic-error-controller
2016-08-29 20:32:26.385  INFO 8344 --- [main] s.w.ClassOrApiAnnotationResourceGrouping : Group for method errorHtml was basic-error-controller
2016-08-29 20:32:26.388  INFO 8344 --- [main] s.w.ClassOrApiAnnotationResourceGrouping : Group for method errorHtml was basic-error-controller
2016-08-29 20:32:26.392  INFO 8344 --- [main] s.w.ClassOrApiAnnotationResourceGrouping : Group for method errorHtml was basic-error-controller
2016-08-29 20:32:26.393  INFO 8344 --- [main] s.w.ClassOrApiAnnotationResourceGrouping : Group for method errorHtml was basic-error-controller
2016-08-29 20:32:26.395  INFO 8344 --- [main] s.w.ClassOrApiAnnotationResourceGrouping : Group for method errorHtml was basic-error-controller
2016-08-29 20:32:26.398  INFO 8344 --- [main] s.w.ClassOrApiAnnotationResourceGrouping : Group for method errorHtml was basic-error-controller
2016-08-29 20:32:26.400  INFO 8344 --- [main] s.w.ClassOrApiAnnotationResourceGrouping : Group for method errorHtml was basic-error-controller
2016-08-29 20:32:26.402  INFO 8344 --- [main] s.w.ClassOrApiAnnotationResourceGrouping : Group for method errorHtml was basic-error-controller
2016-08-29 20:32:26.429  INFO 8344 --- [main] s.d.schema.ModelContextKeyGenerator      : Cache Key Generated: com.jzli.bean.User(true)
2016-08-29 20:32:26.429  INFO 8344 --- [main] s.d.spring.web.caching.CachingAspect     : Caching aspect applied for cache models with key com.jzli.bean.User(true)
2016-08-29 20:32:26.430  INFO 8344 --- [main] s.d.s.p.ModelPropertiesKeyGenerator      : Cache key generated: com.jzli.bean.User(true)
2016-08-29 20:32:26.431  INFO 8344 --- [main] s.d.spring.web.caching.CachingAspect     : Caching aspect applied for cache modelProperties with key com.jzli.bean.User(true)
2016-08-29 20:32:26.440  INFO 8344 --- [main] s.d.schema.ModelContextKeyGenerator      : Cache Key Generated: com.jzli.bean.User(true)
2016-08-29 20:32:26.441  INFO 8344 --- [main] s.d.spring.web.caching.CachingAspect     : Caching aspect applied for cache modelDependencies with key com.jzli.bean.User(true)
2016-08-29 20:32:26.441  INFO 8344 --- [main] s.d.s.p.ModelPropertiesKeyGenerator      : Cache key generated: com.jzli.bean.User(true)
2016-08-29 20:32:26.441  INFO 8344 --- [main] s.d.spring.web.caching.CachingAspect     : Caching aspect applied for cache modelProperties with key com.jzli.bean.User(true)
2016-08-29 20:32:26.442  INFO 8344 --- [main] s.d.spring.web.OperationsKeyGenerator    : Cache key generated: /user/{name}.com.jzli.controller.UserController.getUser.DefaultGenericTypeNamingStrategy
2016-08-29 20:32:26.442  INFO 8344 --- [main] s.d.spring.web.caching.CachingAspect     : Caching aspect applied for cache operations with key /user/{name}.com.jzli.controller.UserController.getUser.DefaultGenericTypeNamingStrategy
2016-08-29 20:32:26.456  INFO 8344 --- [main] s.w.ClassOrApiAnnotationResourceGrouping : Group for method getUser was 用户接口
2016-08-29 20:32:26.461  INFO 8344 --- [main] s.w.ClassOrApiAnnotationResourceGrouping : Group for method getUser was 用户接口
2016-08-29 20:32:26.730  INFO 8344 --- [main] s.b.c.e.t.TomcatEmbeddedServletContainer : Tomcat started on port(s): 9999 (http)
2016-08-29 20:32:26.739  INFO 8344 --- [main] com.jzli.Application                     : Started Application in 7.286 seconds (JVM running for 8.179)
2016-08-29 20:34:13.367  INFO 8344 --- [http-nio-9999-exec-8] o.a.c.c.C.[Tomcat].[localhost].[/jzli]   : Initializing Spring FrameworkServlet 'dispatcherServlet'
2016-08-29 20:34:13.367  INFO 8344 --- [http-nio-9999-exec-8] o.s.web.servlet.DispatcherServlet        : FrameworkServlet 'dispatcherServlet': initialization started
2016-08-29 20:34:13.394  INFO 8344 --- [http-nio-9999-exec-8] o.s.web.servlet.DispatcherServlet        : FrameworkServlet 'dispatcherServlet': initialization completed in 27 ms
